<?xml version="1.0" encoding="UTF-8"?>
<!-- Generated by org.testng.reporters.JUnitReportReporter -->
<testsuite hostname="DESKTOP-MAETHPD" name="com.web.amazon.TestScripts.AmazonSearch" tests="1" failures="0" timestamp="16 Apr 2019 23:13:27 GMT" time="23.673" errors="0">
  <testcase name="amazonsearch" time="23.673" classname="com.web.amazon.TestScripts.AmazonSearch"/>
</testsuite> <!-- com.web.amazon.TestScripts.AmazonSearch -->
